<?xml version="1.0" encoding="UTF-8"?>
<!-- Generated by org.testng.reporters.JUnitReportReporter -->
<testsuite skipped="0" hostname="MC0Y6RJC" name="codeBase.TestScript.MainScript" tests="3" failures="0" timestamp="28 Feb 2018 12:46:21 GMT" time="41.742" errors="0">
  <testcase name="login" time="10.648" classname="codeBase.TestScript.MainScript"/>
  <testcase name="addToCart" time="19.773" classname="codeBase.TestScript.MainScript"/>
  <testcase name="deleteFromCart" time="11.321" classname="codeBase.TestScript.MainScript"/>
</testsuite> <!-- codeBase.TestScript.MainScript -->
